2024-08-04T00:25:12.839200-07:00 lotteh team: team [1850142]: python manage.py shell
2024-08-04T01:43:32.904938-07:00 lotteh team: team [2046861]: sudo systemctl reload apache2
2024-08-04T01:43:38.683858-07:00 lotteh team: team [2046861]: cd femmebabe
2024-08-04T01:43:42.583106-07:00 lotteh team: team [2046861]: cd lotteh/
2024-08-04T01:43:49.084624-07:00 lotteh team: team [2046861]: source venv/bin/activate
2024-08-04T01:44:25.368002-07:00 lotteh team: team [2046861]: nano voice/views.py 
2024-08-04T01:44:52.559881-07:00 lotteh team: team [2046861]: clear
2024-08-04T02:00:00.725523-07:00 lotteh team: team [2053742]: sudo systemctl reload apache2
2024-08-04T02:00:04.812473-07:00 lotteh team: team [2053742]: ip -4 addr
2024-08-04T02:00:21.584983-07:00 lotteh team: team [2053742]: ip -6 addr
2024-08-04T02:07:15.450511-07:00 lotteh team: team [2053742]: sudo ascript setup
2024-08-04T02:07:25.123547-07:00 lotteh team: team [2053742]: cmds
2024-08-04T02:07:36.436290-07:00 lotteh team: team [2053742]: cd lotteh/
2024-08-04T02:07:42.395571-07:00 lotteh team: team [2053742]: nano scripts/setup
2024-08-04T02:08:07.717594-07:00 lotteh team: team [2053742]: nano scripts/convert
2024-08-04T02:08:25.447549-07:00 lotteh team: team [2053742]: cp scripts/setup scripts/pushconvert
2024-08-04T02:08:56.142039-07:00 lotteh team: team [2053742]: nano scripts/pushconvert 
2024-08-04T02:09:07.011617-07:00 lotteh team: team [2053742]: sudo systemctl status celerys
2024-08-04T02:09:08.987237-07:00 lotteh team: team [2053742]: sudo systemctl status celeryd
2024-08-04T02:09:16.765879-07:00 lotteh team: team [2053742]: nano scripts/pushconvert 
2024-08-04T02:12:51.630891-07:00 lotteh team: team [2053742]: nano scripts/pushconvert 
2024-08-04T02:14:19.436421-07:00 lotteh team: team [2053742]: nano scripts/pushconvert 
2024-08-04T15:37:06.107396-07:00 lotteh team: team [2466050]: sudo systemctl reload apache2
2024-08-04T15:37:06.893900-07:00 lotteh team: team [2466050]: cd lottre
2024-08-04T15:37:08.288897-07:00 lotteh team: team [2466050]: cd lotte
2024-08-04T15:37:11.591160-07:00 lotteh team: team [2466050]: cd lotteh
2024-08-04T15:38:05.319375-07:00 lotteh team: team [2466050]: nano misc/views.py 
2024-08-04T15:39:00.767657-07:00 lotteh team: team [2466050]: nano misc/sitemap.py 
2024-08-04T15:39:15.022495-07:00 lotteh team: team [2466050]: nano misc/sitemap.py 
2024-08-04T15:39:28.951982-07:00 lotteh team: team [2466050]: nano misc/views.py 
2024-08-04T15:39:36.051105-07:00 lotteh team: team [2466050]: nano misc/templates/misc/news.xml 
2024-08-04T15:41:32.115245-07:00 lotteh team: team [2466050]: nano misc/views.py 
2024-08-04T15:43:08.173414-07:00 lotteh team: team [2466050]: nano misc/sitemap.py 
2024-08-04T15:43:28.159301-07:00 lotteh team: team [2466050]: nano misc/templates/misc/sitemap.xml 
2024-08-04T15:44:30.015064-07:00 lotteh team: team [2466050]: nano misc/views.py 
2024-08-04T15:49:01.938476-07:00 lotteh team: team [2466050]: nano misc/sitemap.py 
2024-08-04T15:49:45.226078-07:00 lotteh team: team [2466050]: nano misc/views.py 
2024-08-04T15:51:50.887535-07:00 lotteh team: team [2466050]: nano misc/templates/misc/sitemap.xml 
2024-08-04T15:52:15.544388-07:00 lotteh team: team [2466050]: nano misc/sitemap.py 
2024-08-04T15:54:47.383719-07:00 lotteh team: team [2466050]: nano misc/templates/misc/sitemap.xml 
2024-08-04T15:54:53.468544-07:00 lotteh team: team [2466050]: source venv/bin/activate
2024-08-04T15:54:58.885360-07:00 lotteh team: team [2466050]: sudo systemctl reload apache2
2024-08-04T15:55:31.200369-07:00 lotteh team: team [2466050]: logs
2024-08-04T15:56:19.611996-07:00 lotteh team: team [2466050]: nano misc/views.py 
2024-08-04T15:56:20.973731-07:00 lotteh team: team [2466050]: sudo systemctl reload apache2
2024-08-04T15:56:43.739905-07:00 lotteh team: team [2466050]: logs
2024-08-04T15:57:16.228764-07:00 lotteh team: team [2466050]: nano misc/views.py 
2024-08-04T15:57:18.051798-07:00 lotteh team: team [2466050]: sudo systemctl reload apache2
2024-08-04T15:57:22.259254-07:00 lotteh team: team [2466050]: logs
2024-08-04T15:57:24.873835-07:00 lotteh team: team [2466050]: logs
2024-08-04T15:57:26.191984-07:00 lotteh team: team [2466050]: logs
2024-08-04T15:57:27.603990-07:00 lotteh team: team [2466050]: logs
2024-08-04T15:57:29.022353-07:00 lotteh team: team [2466050]: logs
2024-08-04T15:57:32.395628-07:00 lotteh team: team [2466050]: logs
2024-08-04T15:57:33.818908-07:00 lotteh team: team [2466050]: logs
2024-08-04T16:06:31.699524-07:00 lotteh team: team [2466050]: nano misc/templates/misc/news.xml 
2024-08-04T16:09:55.249062-07:00 lotteh team: team [2466050]: nano misc/urls.py 
2024-08-04T16:10:18.671710-07:00 lotteh team: team [2466050]: nano templates/rrm.html
2024-08-04T16:10:39.161037-07:00 lotteh team: team [2466050]: nano templates/base.html 
2024-08-04T16:10:39.177004-07:00 lotteh team: team [2466050]: nano templates/base.html 
2024-08-04T16:10:48.671387-07:00 lotteh team: team [2466050]: sudo systemctl reload apache2
2024-08-04T18:49:06.213326-07:00 lotteh team: team [2565823]: sudo systemctl reload apache2
2024-08-04T18:49:19.063756-07:00 lotteh team: team [2565823]: ping lotteh.com
2024-08-04T18:49:38.322807-07:00 lotteh team: team [2565823]: head lotteh/lotteh/settings.py 
2024-08-04T18:49:46.843945-07:00 lotteh team: team [2565823]: head lotteh/lotteh/settings.py --lines 100
2024-08-05T02:21:13.289457-07:00 lotteh team: team [2797489]: head lotteh/lotteh/settings.py --lines 100
2024-08-05T02:21:14.153957-07:00 lotteh team: team [2797489]: cd lotteh
2024-08-05T02:21:24.072673-07:00 lotteh team: team [2797489]: nano chat/templates/chat/video.html 
2024-08-05T02:22:45.796355-07:00 lotteh team: team [2797489]: nano chat/templates/chat/rtc.js 
2024-08-05T02:22:51.581629-07:00 lotteh team: team [2797489]: sudo systemctl stop daphne
2024-08-05T02:23:09.688232-07:00 lotteh team: team [2797489]: ./scripts/daphnetest.sh 
2024-08-05T02:23:14.294232-07:00 lotteh team: team [2797489]: sudo systemctl status daphne
2024-08-05T02:24:20.145108-07:00 lotteh team: team [2799077]: head lotteh/lotteh/settings.py --lines 100
2024-08-05T02:24:21.446077-07:00 lotteh team: team [2799077]: cd lotteh/
2024-08-05T02:24:31.017469-07:00 lotteh team: team [2799077]: nano chat/templates/chat/video.html 
2024-08-05T02:25:00.296360-07:00 lotteh team: team [2799077]: nano chat/templates/chat/rtc.js 
2024-08-05T02:28:10.583931-07:00 lotteh team: team [2799077]: nano chat/video_consumers.py 
2024-08-05T02:28:13.330412-07:00 lotteh team: team [2797489]: ./scripts/daphnetest.sh 
2024-08-05T02:29:32.460596-07:00 lotteh team: team [2799077]: nano chat/templates/chat/video.html 
2024-08-05T02:31:00.757935-07:00 lotteh team: team [2797489]: ./scripts/daphnetest.sh 
2024-08-05T02:31:03.258841-07:00 lotteh team: team [2799077]: nano chat/video_consumers.py 
2024-08-05T02:31:05.092060-07:00 lotteh team: team [2797489]: ./scripts/daphnetest.sh 
2024-08-05T02:31:51.611945-07:00 lotteh team: team [2799077]: nano chat/video_consumers.py 
2024-08-05T02:33:02.316290-07:00 lotteh team: team [2799077]: nano chat/templates/chat/rtc.js 
2024-08-05T02:34:32.684036-07:00 lotteh team: team [2799077]: nano chat/video_consumers.py 
2024-08-05T02:34:47.367821-07:00 lotteh team: team [2799077]: nano chat/video_consumers.py 
2024-08-05T02:34:54.213066-07:00 lotteh team: team [2797489]: ./scripts/daphnetest.sh 
2024-08-05T02:35:27.659896-07:00 lotteh team: team [2797489]: ./scripts/daphnetest.sh 
2024-08-05T02:35:37.017864-07:00 lotteh team: team [2799077]: nano chat/video_consumers.py 
2024-08-05T02:37:44.492823-07:00 lotteh team: team [2799077]: nano chat/video_consumers.py 
2024-08-05T02:37:47.451480-07:00 lotteh team: team [2797489]: ./scripts/daphnetest.sh 
2024-08-05T02:39:32.398127-07:00 lotteh team: team [2799077]: nano chat/video_consumers.py 
2024-08-05T02:39:40.638682-07:00 lotteh team: team [2799077]: nano chat/video_consumers.py 
2024-08-05T02:39:44.121733-07:00 lotteh team: team [2797489]: ./scripts/daphnetest.sh 
2024-08-05T02:41:38.296662-07:00 lotteh team: team [2799077]: nano chat/video_consumers.py 
2024-08-05T02:41:39.939915-07:00 lotteh team: team [2797489]: ./scripts/daphnetest.sh 
2024-08-05T02:43:21.258523-07:00 lotteh team: team [2799077]: nano chat/video_consumers.py 
2024-08-05T02:43:23.381841-07:00 lotteh team: team [2797489]: ./scripts/daphnetest.sh 
2024-08-05T02:46:56.643099-07:00 lotteh team: team [2799077]: nano chat/video_consumers.py 
2024-08-05T02:46:59.391519-07:00 lotteh team: team [2797489]: ./scripts/daphnetest.sh 
2024-08-05T02:48:17.912563-07:00 lotteh team: team [2799077]: nano chat/video_consumers.py 
2024-08-05T02:48:20.292365-07:00 lotteh team: team [2797489]: ./scripts/daphnetest.sh 
2024-08-05T02:49:43.252374-07:00 lotteh team: team [2799077]: nano chat/video_consumers.py 
2024-08-05T02:49:45.481834-07:00 lotteh team: team [2797489]: ./scripts/daphnetest.sh 
2024-08-05T02:51:14.024124-07:00 lotteh team: team [2799077]: nano chat/video_consumers.py 
2024-08-05T02:51:17.607308-07:00 lotteh team: team [2797489]: ./scripts/daphnetest.sh 
2024-08-05T02:52:02.309982-07:00 lotteh team: team [2799077]: nano chat/templates/chat/video.html 
2024-08-05T02:52:37.801775-07:00 lotteh team: team [2799077]: nano chat/video_consumers.py 
2024-08-05T02:52:41.249689-07:00 lotteh team: team [2797489]: ./scripts/daphnetest.sh 
2024-08-05T02:53:43.811856-07:00 lotteh team: team [2799077]: nano chat/video_consumers.py 
2024-08-05T02:53:45.469357-07:00 lotteh team: team [2797489]: ./scripts/daphnetest.sh 
2024-08-05T02:55:50.567452-07:00 lotteh team: team [2797489]: ./scripts/daphnetest.sh 
2024-08-05T02:56:06.334626-07:00 lotteh team: team [2799077]: nano chat/video_consumers.py 
2024-08-05T02:57:39.556375-07:00 lotteh team: team [2799077]: nano chat/video_consumers.py 
2024-08-05T02:57:41.099432-07:00 lotteh team: team [2797489]: ./scripts/daphnetest.sh 
2024-08-05T03:10:50.264554-07:00 lotteh team: team [2797489]: ./scripts/daphnetest.sh 
2024-08-05T03:13:12.664950-07:00 lotteh team: team [2799077]: nano chat/templates/chat/rtc.js 
2024-08-05T03:13:41.366521-07:00 lotteh team: team [2799077]: nano chat/video_consumers.py 
2024-08-05T03:13:42.980886-07:00 lotteh team: team [2797489]: ./scripts/daphnetest.sh 
2024-08-05T03:16:07.323574-07:00 lotteh team: team [2799077]: nano chat/video_consumers.py 
2024-08-05T03:16:09.290697-07:00 lotteh team: team [2797489]: ./scripts/daphnetest.sh 
2024-08-05T03:17:15.357757-07:00 lotteh team: team [2799077]: nano chat/templates/chat/rtc.js 
2024-08-05T03:17:20.836115-07:00 lotteh team: team [2799077]: sudo systemctl reload apache2
2024-08-05T03:17:23.591085-07:00 lotteh team: team [2797489]: ./scripts/daphnetest.sh 
2024-08-05T03:17:53.452651-07:00 lotteh team: team [2799077]: nano chat/video_consumers.py 
2024-08-05T03:17:54.676450-07:00 lotteh team: team [2799077]: sudo systemctl reload apache2
2024-08-05T03:19:12.977573-07:00 lotteh team: team [2797489]: sudo systemctl start daphne
2024-08-05T03:20:27.948677-07:00 lotteh team: team [2799077]: nano chat/templates/chat/rtc.js 
2024-08-05T03:20:29.283891-07:00 lotteh team: team [2799077]: sudo systemctl reload apache2
2024-08-05T03:23:27.615364-07:00 lotteh team: team [2799077]: nano chat/templates/chat/video.html 
2024-08-05T03:23:28.813425-07:00 lotteh team: team [2799077]: sudo systemctl reload apache2
2024-08-05T03:24:29.523757-07:00 lotteh team: team [2799077]: nano chat/templates/chat/video.html 
2024-08-05T03:24:30.402657-07:00 lotteh team: team [2799077]: sudo systemctl reload apache2
2024-08-05T03:25:03.108957-07:00 lotteh team: team [2799077]: nano chat/templates/chat/video.html 
2024-08-05T03:25:03.979482-07:00 lotteh team: team [2799077]: sudo systemctl reload apache2
2024-08-05T03:26:14.408885-07:00 lotteh team: team [2799077]: nano chat/templates/chat/rtc.js 
2024-08-05T03:31:06.580699-07:00 lotteh team: team [2799077]: nano chat/video_consumers.py 
2024-08-05T03:31:17.512716-07:00 lotteh team: team [2799077]: sudo systemctl restart daphne
2024-08-05T03:32:14.452449-07:00 lotteh team: team [2799077]: cat /tmp/daphne-error.log 
2024-08-05T03:32:49.745749-07:00 lotteh team: team [2799077]: nano lotteh/settings.py 
2024-08-05T03:33:24.525032-07:00 lotteh team: team [2797489]: ./scripts/daphnetest.sh 
2024-08-05T03:33:32.797661-07:00 lotteh team: team [2797489]: sudo systemctl stop daphne
2024-08-05T03:33:33.916413-07:00 lotteh team: team [2797489]: sudo systemctl stop daphne &
2024-08-05T03:36:06.035899-07:00 lotteh team: team [2799077]: nano chat/video_consumers.py 
2024-08-05T03:36:08.584825-07:00 lotteh team: team [2797489]: ./scripts/daphnetest.sh 
2024-08-05T03:37:32.664470-07:00 lotteh team: team [2799077]: nano chat/video_consumers.py 
2024-08-05T03:37:34.893836-07:00 lotteh team: team [2797489]: ./scripts/daphnetest.sh 
2024-08-05T03:38:30.570306-07:00 lotteh team: team [2799077]: nano chat/video_consumers.py 
2024-08-05T03:38:32.891625-07:00 lotteh team: team [2797489]: ./scripts/daphnetest.sh 
2024-08-05T03:39:19.879624-07:00 lotteh team: team [2799077]: nano chat/video_consumers.py 
2024-08-05T03:39:22.293750-07:00 lotteh team: team [2797489]: ./scripts/daphnetest.sh 
2024-08-05T03:39:56.800015-07:00 lotteh team: team [2799077]: nano chat/video_consumers.py 
2024-08-05T03:39:58.813634-07:00 lotteh team: team [2797489]: ./scripts/daphnetest.sh 
2024-08-05T03:40:05.907130-07:00 lotteh team: team [2797489]: sudo systemctl start daphne
2024-08-05T03:42:16.201105-07:00 lotteh team: team [2799077]: nano chat/video_consumers.py 
2024-08-05T03:42:35.339753-07:00 lotteh team: team [2799077]: nano chat/urls.py 
2024-08-05T03:42:38.421118-07:00 lotteh team: team [2799077]: nano chat/urls.py 
2024-08-05T03:42:41.146807-07:00 lotteh team: team [2799077]: nano chat/vi
2024-08-05T03:42:43.352478-07:00 lotteh team: team [2799077]: nano chat/views.py 
2024-08-05T03:43:09.257335-07:00 lotteh team: team [2799077]: nano chat/views.py 
2024-08-05T03:43:18.158281-07:00 lotteh team: team [2799077]: sudo systemctl reload apache2
2024-08-05T03:48:31.107903-07:00 lotteh team: team [2799077]: nano chat/video_consumers.py 
2024-08-05T03:48:38.545401-07:00 lotteh team: team [2799077]: nano chat/video_consumers.py 
2024-08-05T03:49:51.497492-07:00 lotteh team: team [2799077]: nano chat/video_consumers.py 
2024-08-05T04:14:50.682700-07:00 lotteh team: team [10751]: python manage.py shell
2024-08-05T04:14:53.834971-07:00 lotteh team: team [10751]: cd lotteh/
2024-08-05T04:15:22.425040-07:00 lotteh team: team [10751]: nano chat/vi
2024-08-05T04:16:54.813654-07:00 lotteh team: team [10751]: nano chat/views.py 
2024-08-05T04:18:08.768041-07:00 lotteh team: team [10751]: nano chat/urls.py 
2024-08-05T04:18:19.994291-07:00 lotteh team: team [10751]: sudo systemctl reload apache2
2024-08-05T04:18:27.695823-07:00 lotteh team: team [10751]: nano chat/vi
2024-08-05T04:19:01.285556-07:00 lotteh team: team [10751]: nano chat/views.py 
2024-08-05T04:20:25.019328-07:00 lotteh team: team [10751]: logs
2024-08-05T04:20:39.908120-07:00 lotteh team: team [10751]: nano chat/views.py 
2024-08-05T04:21:15.328733-07:00 lotteh team: team [10751]: nano chat/urls.py 
2024-08-05T04:25:54.973364-07:00 lotteh team: team [10751]: nano chat/views.py 
2024-08-05T04:25:58.827899-07:00 lotteh team: team [10751]: sudo systemctl reload apache2
2024-08-05T04:27:50.448253-07:00 lotteh team: team [10751]: sudo systemctl reload apache2
2024-08-05T04:27:53.430080-07:00 lotteh team: team [10751]: cat users/username_generator.py 
2024-08-05T04:29:14.178043-07:00 lotteh team: team [10751]: nano chat/views.py 
2024-08-05T04:29:16.316094-07:00 lotteh team: team [10751]: cat users/username_generator.py 
2024-08-05T04:33:45.442349-07:00 lotteh team: team [10751]: nano chat/templates/chat/rtc.js 
2024-08-05T04:34:18.095344-07:00 lotteh team: team [10751]: sudo ascript actuallybackup
2024-08-05T04:37:00.934879-07:00 lotteh team: team [10751]: nano chat/templates/chat/video.html 
2024-08-05T04:37:09.018493-07:00 lotteh team: team [10751]: nano templates/social
2024-08-05T04:37:13.585622-07:00 lotteh team: team [10751]: nano templates/social.html 
2024-08-05T04:37:19.885671-07:00 lotteh team: team [10751]: nano static/main.
2024-08-05T04:38:28.701385-07:00 lotteh team: team [10751]: nano static/main.js 
2024-08-05T04:38:31.543137-07:00 lotteh team: team [10751]: nano templates/social.html 
2024-08-05T04:39:09.197513-07:00 lotteh team: team [10751]: nano chat/templates/chat/video.html 
2024-08-05T04:39:18.071525-07:00 lotteh team: team [10751]: sudo systemctl reload apache2
2024-08-05T04:39:24.598296-07:00 lotteh team: team [10751]: nano chat/vi
2024-08-05T04:39:37.688729-07:00 lotteh team: team [10751]: nano chat/views.py 
2024-08-05T04:39:39.034200-07:00 lotteh team: team [10751]: sudo systemctl reload apache2
2024-08-05T05:05:02.094343-07:00 lotteh team: team [10751]: nano chat/templates/chat/rtc.js 
2024-08-05T05:05:36.948899-07:00 lotteh team: team [10751]: nano chat/templates/chat/rtc.js 
2024-08-05T05:05:39.515972-07:00 lotteh team: team [10751]: sudo systemctl reload apache2
2024-08-05T05:06:26.643112-07:00 lotteh team: team [10751]: nano chat/templates/chat/rtc.js 
2024-08-05T05:06:27.714691-07:00 lotteh team: team [10751]: sudo systemctl reload apache2
2024-08-05T05:13:18.650946-07:00 lotteh team: team [10751]: nano chat/templates/chat/rtc.js 
2024-08-05T05:13:19.911161-07:00 lotteh team: team [10751]: sudo systemctl reload apache2
2024-08-05T05:16:56.669896-07:00 lotteh team: team [10751]: nano chat/templates/chat/rtc.js 
2024-08-05T05:16:57.783719-07:00 lotteh team: team [10751]: sudo systemctl reload apache2
2024-08-05T05:19:17.518368-07:00 lotteh team: team [10751]: nano chat/templates/chat/rtc.js 
2024-08-05T05:19:18.451333-07:00 lotteh team: team [10751]: sudo systemctl reload apache2
2024-08-05T05:21:56.906691-07:00 lotteh team: team [10751]: nano chat/templates/chat/rtc.js 
2024-08-05T05:21:57.929610-07:00 lotteh team: team [10751]: sudo systemctl reload apache2
2024-08-05T05:25:47.614031-07:00 lotteh team: team [10751]: nano chat/templates/chat/rtc.js 
2024-08-05T05:25:48.501841-07:00 lotteh team: team [10751]: sudo systemctl reload apache2
2024-08-05T05:26:35.218822-07:00 lotteh team: team [10751]: nano chat/templates/chat/video.html 
2024-08-05T05:27:19.724080-07:00 lotteh team: team [10751]: nano chat/templates/chat/rtc.js 
2024-08-05T05:27:21.128820-07:00 lotteh team: team [10751]: sudo systemctl reload apache2
2024-08-05T05:29:23.374707-07:00 lotteh team: team [10751]: nano chat/templates/chat/rtc.js 
2024-08-05T05:29:24.305536-07:00 lotteh team: team [10751]: sudo systemctl reload apache2
2024-08-05T05:32:01.084929-07:00 lotteh team: team [10751]: nano chat/templates/chat/rtc.js 
2024-08-05T05:32:03.011846-07:00 lotteh team: team [10751]: sudo systemctl reload apache2
2024-08-05T05:36:29.903825-07:00 lotteh team: team [10751]: nano chat/templates/chat/rtc.js 
2024-08-05T05:36:30.892328-07:00 lotteh team: team [10751]: sudo systemctl reload apache2
2024-08-05T05:38:28.134503-07:00 lotteh team: team [10751]: nano chat/templates/chat/rtc.js 
2024-08-05T05:38:30.934112-07:00 lotteh team: team [10751]: sudo systemctl reload apache2
2024-08-05T05:39:44.817448-07:00 lotteh team: team [10751]: nano chat/templates/chat/video.html 
2024-08-05T05:39:45.824227-07:00 lotteh team: team [10751]: sudo systemctl reload apache2
2024-08-05T05:40:30.111708-07:00 lotteh team: team [10751]: nano chat/templates/chat/rtc.js 
2024-08-05T05:40:31.045747-07:00 lotteh team: team [10751]: sudo systemctl reload apache2
2024-08-05T05:44:13.078018-07:00 lotteh team: team [10751]: nano chat/templates/chat/rtc.js 
2024-08-05T05:44:24.168799-07:00 lotteh team: team [10751]: nano chat/templates/chat/rtc.js 
2024-08-05T05:44:25.337391-07:00 lotteh team: team [10751]: sudo systemctl reload apache2
2024-08-05T05:45:41.360559-07:00 lotteh team: team [10751]: nano chat/templates/chat/video.html 
2024-08-05T05:45:42.204048-07:00 lotteh team: team [10751]: sudo systemctl reload apache2
2024-08-05T05:47:16.789675-07:00 lotteh team: team [10751]: nano chat/templates/chat/video.html 
2024-08-05T05:49:06.946489-07:00 lotteh team: team [10751]: nano chat/templates/chat/rtc.js 
2024-08-05T05:49:08.216177-07:00 lotteh team: team [10751]: sudo systemctl reload apache2
2024-08-05T05:50:42.806351-07:00 lotteh team: team [10751]: nano chat/templates/chat/rtc.js 
2024-08-05T05:50:43.618596-07:00 lotteh team: team [10751]: sudo systemctl reload apache2
2024-08-05T05:51:06.283359-07:00 lotteh team: team [10751]: nano chat/templates/chat/video.html 
2024-08-05T05:51:07.295748-07:00 lotteh team: team [10751]: sudo systemctl reload apache2
2024-08-05T05:51:43.333536-07:00 lotteh team: team [10751]: nano chat/templates/chat/video.html 
2024-08-05T05:52:23.691737-07:00 lotteh team: team [10751]: nano chat/templates/chat/rtc.js 
2024-08-05T05:52:24.895780-07:00 lotteh team: team [10751]: sudo systemctl reload apache2
2024-08-05T05:57:30.383899-07:00 lotteh team: team [10751]: nano chat/templates/chat/rtc.js 
2024-08-05T05:57:31.554849-07:00 lotteh team: team [10751]: sudo systemctl reload apache2
2024-08-05T06:00:38.609327-07:00 lotteh team: team [10751]: nano chat/templates/chat/rtc.js 
2024-08-05T06:00:39.977780-07:00 lotteh team: team [10751]: sudo systemctl reload apache2
2024-08-05T06:01:19.380850-07:00 lotteh team: team [10751]: nano chat/templates/chat/rtc.js 
2024-08-05T06:03:04.873058-07:00 lotteh team: team [10751]: nano chat/templates/chat/video.html 
2024-08-05T06:03:18.337456-07:00 lotteh team: team [10751]: nano chat/templates/chat/rtc.js 
2024-08-05T06:03:24.991892-07:00 lotteh team: team [10751]: nano chat/templates/chat/video.html 
2024-08-05T06:04:49.725110-07:00 lotteh team: team [10751]: nano chat/templates/chat/rtc.js 
2024-08-05T06:04:52.069731-07:00 lotteh team: team [10751]: sudo systemctl reload apache2
2024-08-05T06:05:31.572058-07:00 lotteh team: team [10751]: nano chat/templates/chat/rtc.js 
2024-08-05T06:06:14.416549-07:00 lotteh team: team [10751]: nano chat/templates/chat/rtc.js 
2024-08-05T06:06:33.417739-07:00 lotteh team: team [10751]: nano chat/templates/chat/rtc.js 
2024-08-05T06:06:47.489770-07:00 lotteh team: team [10751]: nano games/views.py 
2024-08-05T06:06:50.911209-07:00 lotteh team: team [10751]: nano chat/vi
2024-08-05T06:08:04.023337-07:00 lotteh team: team [10751]: nano chat/views.py 
2024-08-05T06:08:21.052188-07:00 lotteh team: team [10751]: nano chat/templates/chat/rtc.js 
2024-08-05T06:08:39.243280-07:00 lotteh team: team [10751]: nano chat/views.py 
2024-08-05T06:11:32.652478-07:00 lotteh team: team [96910]: python manage.py shell
2024-08-05T06:11:33.026873-07:00 lotteh team: team [96910]: cd lotteh
2024-08-05T06:13:46.681103-07:00 lotteh team: team [10751]: nano chat/templates/chat/mirror.html
2024-08-05T06:14:14.968110-07:00 lotteh team: team [10751]: nano chat/urls.py 
2024-08-05T06:14:23.854341-07:00 lotteh team: team [10751]: nano chat/templates/chat/video.html 
2024-08-05T06:16:10.717135-07:00 lotteh team: team [96910]: nano chat/templates/chat/video.html 
2024-08-05T06:20:44.807235-07:00 lotteh team: team [10751]: nano chat/templates/chat/rtc.js 
2024-08-05T06:20:53.865288-07:00 lotteh team: team [10751]: sudo systemctl reload apache2
2024-08-05T06:22:52.313953-07:00 lotteh team: team [10751]: nano chat/templates/chat/mirror.html
2024-08-05T06:22:53.216597-07:00 lotteh team: team [10751]: sudo systemctl reload apache2
2024-08-05T06:24:32.376966-07:00 lotteh team: team [10751]: nano chat/templates/chat/video.html 
2024-08-05T06:24:33.812248-07:00 lotteh team: team [10751]: sudo systemctl reload apache2
2024-08-05T06:25:44.225592-07:00 lotteh team: team [10751]: nano chat/templates/chat/video.html 
2024-08-05T06:26:06.196519-07:00 lotteh team: team [10751]: nano feed/templates/feed/scroll.html 
2024-08-05T06:26:19.989969-07:00 lotteh team: team [10751]: nano chat/templates/chat/video.html 
2024-08-05T06:26:21.765737-07:00 lotteh team: team [10751]: sudo systemctl reload apache2
2024-08-05T06:29:42.791218-07:00 lotteh team: team [10751]: nano chat/templates/chat/video.html 
2024-08-05T06:29:48.815352-07:00 lotteh team: team [10751]: nano chat/vi
2024-08-05T06:31:21.777031-07:00 lotteh team: team [10751]: nano chat/views.py 
2024-08-05T06:31:23.268043-07:00 lotteh team: team [10751]: sudo systemctl reload apache2
2024-08-05T06:32:53.202131-07:00 lotteh team: team [10751]: nano chat/views.py 
2024-08-05T06:33:11.669544-07:00 lotteh team: team [10751]: nano chat/templates/chat/video.html 
2024-08-05T06:33:13.306004-07:00 lotteh team: team [10751]: sudo systemctl reload apache2
2024-08-05T06:33:25.492287-07:00 lotteh team: team [96910]: nano chat/templates/chat/video.html 
2024-08-05T06:36:29.290092-07:00 lotteh team: team [10751]: cat chat/templates/chat/video.html 
2024-08-05T06:37:02.998995-07:00 lotteh team: team [10751]: cat chat/templates/chat/rtc.js 
2024-08-05T06:37:41.272111-07:00 lotteh team: team [96910]: nano static/games/threethirteen
2024-08-05T06:38:06.479954-07:00 lotteh team: team [96910]: nano static/games/threethirteen.js 
2024-08-05T06:43:08.096865-07:00 lotteh team: team [10751]: cat chat/templates/chat/mirror.html 
2024-08-05T06:46:25.773809-07:00 lotteh team: team [10751]: cat chat/templates/chat/video.html 
2024-08-05T06:46:54.053363-07:00 lotteh team: team [10751]: nano lotteh/settings.py 
2024-08-05T06:46:56.839594-07:00 lotteh team: team [10751]: sudo systemctl reload apache2
2024-08-05T06:47:47.736770-07:00 lotteh team: team [10751]: nano lotteh/settings.py 
2024-08-05T06:47:48.861410-07:00 lotteh team: team [10751]: sudo systemctl reload apache2
2024-08-05T06:49:08.502555-07:00 lotteh team: team [10751]: sudo systemctl restart daphne apache
2024-08-05T06:49:10.676100-07:00 lotteh team: team [10751]: sudo systemctl restart daphne apache2
2024-08-05T06:50:38.290903-07:00 lotteh team: team [10751]: nano lotteh/settings.py 
2024-08-05T06:52:15.230585-07:00 lotteh team: team [10751]: sudo nano /etc/apache2/sites-available/lotteh-le-ssl.conf 
2024-08-05T06:52:18.916775-07:00 lotteh team: team [10751]: sudo systemctl reload apache2
2024-08-05T06:52:29.427414-07:00 lotteh team: team [10751]: sudo nano /etc/apache2/sites-available/lotteh-le-ssl.conf 
2024-08-05T06:52:30.453863-07:00 lotteh team: team [10751]: sudo systemctl reload apache2
2024-08-05T06:52:40.352205-07:00 lotteh team: team [10751]: sudo systemctl reload apache2
2024-08-05T06:53:00.675951-07:00 lotteh team: team [10751]: sudo systemctl restart apache2
2024-08-05T06:56:02.315208-07:00 lotteh team: team [10751]: sudo nano /etc/apache2/sites-available/lotteh-le-ssl.conf 
2024-08-05T06:56:15.466587-07:00 lotteh team: team [10751]: sudo systemctl restart apache2
2024-08-05T06:56:37.924020-07:00 lotteh team: team [10751]: nano lotteh/settings.py 
2024-08-05T06:56:49.251561-07:00 lotteh team: team [10751]: sudo systemctl restart apache2
2024-08-05T06:57:12.689063-07:00 lotteh team: team [10751]: sudo systemctl restart daphne
2024-08-05T06:57:55.452871-07:00 lotteh team: team [10751]: nano static/main.js 
2024-08-05T07:02:51.565675-07:00 lotteh team: team [10751]: cat chat/templates/chat/video.html 
2024-08-05T07:09:07.886733-07:00 lotteh team: team [10751]: nano lotteh/settings.py 
2024-08-05T07:09:16.468244-07:00 lotteh team: team [10751]: nano lotteh/settings.py 
2024-08-05T07:09:19.634014-07:00 lotteh team: team [10751]: ls
2024-08-05T07:09:22.100541-07:00 lotteh team: team [10751]: ls ..
2024-08-05T07:09:43.774906-07:00 lotteh team: team [10751]: sudo rm -r ../femmebabe2024-06/
2024-08-05T07:09:49.221445-07:00 lotteh team: team [10751]: nano lotteh/settings.py 
2024-08-05T07:09:50.743294-07:00 lotteh team: team [10751]: nano lotteh/settings.py 
2024-08-05T07:09:51.938467-07:00 lotteh team: team [10751]: nano lotteh/settings.py 
2024-08-05T07:09:52.870748-07:00 lotteh team: team [10751]: nano lotteh/settings.py 
2024-08-05T07:09:53.846955-07:00 lotteh team: team [10751]: nano lotteh/settings.py 
2024-08-05T07:09:54.914318-07:00 lotteh team: team [10751]: nano lotteh/settings.py 
2024-08-05T07:09:59.045355-07:00 lotteh team: team [10751]: nano lotteh/settings.py 
2024-08-05T07:10:17.620316-07:00 lotteh team: team [10751]: cat ../femmebabe-backup/lotteh/settings.py 
2024-08-05T07:11:12.882237-07:00 lotteh team: team [10751]: nano lotteh/settings.py 
2024-08-05T07:11:28.848586-07:00 lotteh team: team [10751]: sudo nano /etc/apache2/sites-available/lotteh-le-ssl.conf 
2024-08-05T07:11:45.650918-07:00 lotteh team: team [10751]: sudo systemctl restart apache2
2024-08-05T07:45:56.817013-07:00 lotteh team: team [10751]: sudo systemctl restart apache2
2024-08-05T07:46:02.746206-07:00 lotteh team: team [10751]: sudo systemctl restart daphne
2024-08-05T07:48:04.809360-07:00 lotteh team: team [10751]: sudo nano /etc/apache2/sites-available/lotteh-le-ssl.conf 
2024-08-05T07:48:07.358135-07:00 lotteh team: team [10751]: sudo systemctl restart daphne
2024-08-05T07:48:13.017028-07:00 lotteh team: team [10751]: sudo systemctl restart daphne apache2
2024-08-05T07:56:07.572309-07:00 lotteh team: team [169916]: sudo systemctl restart daphne apache2
2024-08-05T07:56:09.071260-07:00 lotteh team: team [169916]: cd loteh
2024-08-05T07:56:13.619904-07:00 lotteh team: team [169916]: cd lotteh
2024-08-05T07:56:15.052234-07:00 lotteh team: team [169916]: ls
2024-08-05T08:02:59.912965-07:00 lotteh team: team [169916]: nano templates/social.html 
2024-08-05T08:03:02.948346-07:00 lotteh team: team [169916]: cat templates/social.html 
2024-08-05T08:03:16.987719-07:00 lotteh team: team [169916]: cat templates/base.html 
2024-08-05T08:10:11.741954-07:00 lotteh team: team [169916]: cat chat/templates/chat/video.html 
2024-08-05T08:10:25.397026-07:00 lotteh team: team [169916]: cat chat/templates/chat/rtc.js 
2024-08-05T08:10:53.940929-07:00 lotteh team: team [169916]: cat chat/templates/chat/rtc.js 
2024-08-05T08:11:25.694705-07:00 lotteh team: team [169916]: nano chat/templates/chat/rtc.js 
2024-08-05T09:20:59.803571-07:00 lotteh team: team [227666]: sudo systemctl restart daphne apache2
2024-08-05T09:21:01.984263-07:00 lotteh team: team [227703]: sudo systemctl restart daphne apache2
2024-08-05T09:21:05.861794-07:00 lotteh team: team [227703]: ls Downloads/
2024-08-05T09:21:14.435386-07:00 lotteh team: team [227703]: sudo rm -r Downloads/*
2024-08-05T09:21:19.794513-07:00 lotteh team: team [227703]: ls
2024-08-05T09:21:28.336680-07:00 lotteh team: team [227703]: ls Desktop/
2024-08-05T09:21:39.503342-07:00 lotteh team: team [227703]: sudo rm Desktop/*
2024-08-05T09:21:51.804178-07:00 lotteh team: team [227703]: du -sh /
2024-08-05T09:21:56.185335-07:00 lotteh team: team [227703]: df -h /\
2024-08-05T09:21:57.758273-07:00 lotteh team: team [227703]: df -h /
